C:\USERS\MIECHULIV\DOCUMENTS\VISUAL STUDIO 2012\PROJECTS\OSCYLOSKOP2\OSCYLOSKOP2\DEBUG\.NETFRAMEWORK,VERSION=V4.5.ASSEMBLYATTRIBUTES.OBJ
C:\USERS\MIECHULIV\DOCUMENTS\VISUAL STUDIO 2012\PROJECTS\OSCYLOSKOP2\OSCYLOSKOP2\DEBUG\VC110.PDB
C:\USERS\MIECHULIV\DOCUMENTS\VISUAL STUDIO 2012\PROJECTS\OSCYLOSKOP2\OSCYLOSKOP2\DEBUG\MYFORM.OBJ
C:\USERS\MIECHULIV\DOCUMENTS\VISUAL STUDIO 2012\PROJECTS\OSCYLOSKOP2\DEBUG\OSCYLOSKOP2.ILK
C:\USERS\MIECHULIV\DOCUMENTS\VISUAL STUDIO 2012\PROJECTS\OSCYLOSKOP2\DEBUG\OSCYLOSKOP2.EXE
C:\USERS\MIECHULIV\DOCUMENTS\VISUAL STUDIO 2012\PROJECTS\OSCYLOSKOP2\DEBUG\OSCYLOSKOP2.PDB
c:\Users\miechuliv\documents\visual studio 2012\Projects\Oscyloskop2\Oscyloskop2\Debug\Oscyloskop2.MyForm.resources
C:\Users\miechuliv\Documents\Visual Studio 2012\Projects\Oscyloskop2\Oscyloskop2\Debug\Oscyloskop2.MyForm.resources
C:\Users\miechuliv\Documents\Visual Studio 2012\Projects\Oscyloskop2\Oscyloskop2\Debug\Oscyloskop2.vcxproj.GenerateResource.Cache
C:\Users\miechuliv\Documents\Visual Studio 2012\Projects\Oscyloskop2\Oscyloskop2\Debug\Oscyloskop2.vcxprojResolveAssemblyReference.cache
C:\Users\miechuliv\Documents\Visual Studio 2012\Projects\Oscyloskop2\Oscyloskop2\Debug\.NETFramework,Version=v4.5.AssemblyAttributes.obj
C:\Users\miechuliv\Documents\Visual Studio 2012\Projects\Oscyloskop2\Oscyloskop2\Debug\MyForm.obj
C:\Users\miechuliv\Documents\Visual Studio 2012\Projects\Oscyloskop2\Oscyloskop2\Debug\cl.command.1.tlog
C:\Users\miechuliv\Documents\Visual Studio 2012\Projects\Oscyloskop2\Oscyloskop2\Debug\CL.read.1.tlog
C:\Users\miechuliv\Documents\Visual Studio 2012\Projects\Oscyloskop2\Oscyloskop2\Debug\CL.write.1.tlog
C:\Users\miechuliv\Documents\Visual Studio 2012\Projects\Oscyloskop2\Oscyloskop2\Debug\link.1136.read.1.tlog
C:\Users\miechuliv\Documents\Visual Studio 2012\Projects\Oscyloskop2\Oscyloskop2\Debug\link.1136.write.1.tlog
C:\Users\miechuliv\Documents\Visual Studio 2012\Projects\Oscyloskop2\Oscyloskop2\Debug\link.2536-cvtres.read.1.tlog
C:\Users\miechuliv\Documents\Visual Studio 2012\Projects\Oscyloskop2\Oscyloskop2\Debug\link.2536-cvtres.write.1.tlog
C:\Users\miechuliv\Documents\Visual Studio 2012\Projects\Oscyloskop2\Oscyloskop2\Debug\link.2536-rc.read.1.tlog
C:\Users\miechuliv\Documents\Visual Studio 2012\Projects\Oscyloskop2\Oscyloskop2\Debug\link.2536-rc.write.1.tlog
C:\Users\miechuliv\Documents\Visual Studio 2012\Projects\Oscyloskop2\Oscyloskop2\Debug\link.2536.read.1.tlog
C:\Users\miechuliv\Documents\Visual Studio 2012\Projects\Oscyloskop2\Oscyloskop2\Debug\link.2536.write.1.tlog
C:\Users\miechuliv\Documents\Visual Studio 2012\Projects\Oscyloskop2\Oscyloskop2\Debug\link.2840-cvtres.read.1.tlog
C:\Users\miechuliv\Documents\Visual Studio 2012\Projects\Oscyloskop2\Oscyloskop2\Debug\link.2840-cvtres.write.1.tlog
C:\Users\miechuliv\Documents\Visual Studio 2012\Projects\Oscyloskop2\Oscyloskop2\Debug\link.2840-rc.read.1.tlog
C:\Users\miechuliv\Documents\Visual Studio 2012\Projects\Oscyloskop2\Oscyloskop2\Debug\link.2840-rc.write.1.tlog
C:\Users\miechuliv\Documents\Visual Studio 2012\Projects\Oscyloskop2\Oscyloskop2\Debug\link.2840.read.1.tlog
C:\Users\miechuliv\Documents\Visual Studio 2012\Projects\Oscyloskop2\Oscyloskop2\Debug\link.2840.write.1.tlog
C:\Users\miechuliv\Documents\Visual Studio 2012\Projects\Oscyloskop2\Oscyloskop2\Debug\link.2884-cvtres.read.1.tlog
C:\Users\miechuliv\Documents\Visual Studio 2012\Projects\Oscyloskop2\Oscyloskop2\Debug\link.2884-cvtres.write.1.tlog
C:\Users\miechuliv\Documents\Visual Studio 2012\Projects\Oscyloskop2\Oscyloskop2\Debug\link.2884-rc.read.1.tlog
C:\Users\miechuliv\Documents\Visual Studio 2012\Projects\Oscyloskop2\Oscyloskop2\Debug\link.2884-rc.write.1.tlog
C:\Users\miechuliv\Documents\Visual Studio 2012\Projects\Oscyloskop2\Oscyloskop2\Debug\link.2884.read.1.tlog
C:\Users\miechuliv\Documents\Visual Studio 2012\Projects\Oscyloskop2\Oscyloskop2\Debug\link.2884.write.1.tlog
C:\Users\miechuliv\Documents\Visual Studio 2012\Projects\Oscyloskop2\Oscyloskop2\Debug\link.2924-cvtres.read.1.tlog
C:\Users\miechuliv\Documents\Visual Studio 2012\Projects\Oscyloskop2\Oscyloskop2\Debug\link.2924-cvtres.write.1.tlog
C:\Users\miechuliv\Documents\Visual Studio 2012\Projects\Oscyloskop2\Oscyloskop2\Debug\link.2924-rc.read.1.tlog
C:\Users\miechuliv\Documents\Visual Studio 2012\Projects\Oscyloskop2\Oscyloskop2\Debug\link.2924-rc.write.1.tlog
C:\Users\miechuliv\Documents\Visual Studio 2012\Projects\Oscyloskop2\Oscyloskop2\Debug\link.2924.read.1.tlog
C:\Users\miechuliv\Documents\Visual Studio 2012\Projects\Oscyloskop2\Oscyloskop2\Debug\link.2924.write.1.tlog
C:\Users\miechuliv\Documents\Visual Studio 2012\Projects\Oscyloskop2\Oscyloskop2\Debug\link.3108-cvtres.read.1.tlog
C:\Users\miechuliv\Documents\Visual Studio 2012\Projects\Oscyloskop2\Oscyloskop2\Debug\link.3108-cvtres.write.1.tlog
C:\Users\miechuliv\Documents\Visual Studio 2012\Projects\Oscyloskop2\Oscyloskop2\Debug\link.3108-rc.read.1.tlog
C:\Users\miechuliv\Documents\Visual Studio 2012\Projects\Oscyloskop2\Oscyloskop2\Debug\link.3108-rc.write.1.tlog
C:\Users\miechuliv\Documents\Visual Studio 2012\Projects\Oscyloskop2\Oscyloskop2\Debug\link.3108.read.1.tlog
C:\Users\miechuliv\Documents\Visual Studio 2012\Projects\Oscyloskop2\Oscyloskop2\Debug\link.3108.write.1.tlog
C:\Users\miechuliv\Documents\Visual Studio 2012\Projects\Oscyloskop2\Oscyloskop2\Debug\link.3148-cvtres.read.1.tlog
C:\Users\miechuliv\Documents\Visual Studio 2012\Projects\Oscyloskop2\Oscyloskop2\Debug\link.3148-cvtres.write.1.tlog
C:\Users\miechuliv\Documents\Visual Studio 2012\Projects\Oscyloskop2\Oscyloskop2\Debug\link.3148-rc.read.1.tlog
C:\Users\miechuliv\Documents\Visual Studio 2012\Projects\Oscyloskop2\Oscyloskop2\Debug\link.3148-rc.write.1.tlog
C:\Users\miechuliv\Documents\Visual Studio 2012\Projects\Oscyloskop2\Oscyloskop2\Debug\link.3148.read.1.tlog
C:\Users\miechuliv\Documents\Visual Studio 2012\Projects\Oscyloskop2\Oscyloskop2\Debug\link.3148.write.1.tlog
C:\Users\miechuliv\Documents\Visual Studio 2012\Projects\Oscyloskop2\Oscyloskop2\Debug\link.3228-cvtres.read.1.tlog
C:\Users\miechuliv\Documents\Visual Studio 2012\Projects\Oscyloskop2\Oscyloskop2\Debug\link.3228-cvtres.write.1.tlog
C:\Users\miechuliv\Documents\Visual Studio 2012\Projects\Oscyloskop2\Oscyloskop2\Debug\link.3228-rc.read.1.tlog
C:\Users\miechuliv\Documents\Visual Studio 2012\Projects\Oscyloskop2\Oscyloskop2\Debug\link.3228-rc.write.1.tlog
C:\Users\miechuliv\Documents\Visual Studio 2012\Projects\Oscyloskop2\Oscyloskop2\Debug\link.3228.read.1.tlog
C:\Users\miechuliv\Documents\Visual Studio 2012\Projects\Oscyloskop2\Oscyloskop2\Debug\link.3228.write.1.tlog
C:\Users\miechuliv\Documents\Visual Studio 2012\Projects\Oscyloskop2\Oscyloskop2\Debug\link.3420-cvtres.read.1.tlog
C:\Users\miechuliv\Documents\Visual Studio 2012\Projects\Oscyloskop2\Oscyloskop2\Debug\link.3420-cvtres.write.1.tlog
C:\Users\miechuliv\Documents\Visual Studio 2012\Projects\Oscyloskop2\Oscyloskop2\Debug\link.3420-rc.read.1.tlog
C:\Users\miechuliv\Documents\Visual Studio 2012\Projects\Oscyloskop2\Oscyloskop2\Debug\link.3420-rc.write.1.tlog
C:\Users\miechuliv\Documents\Visual Studio 2012\Projects\Oscyloskop2\Oscyloskop2\Debug\link.3420.read.1.tlog
C:\Users\miechuliv\Documents\Visual Studio 2012\Projects\Oscyloskop2\Oscyloskop2\Debug\link.3420.write.1.tlog
C:\Users\miechuliv\Documents\Visual Studio 2012\Projects\Oscyloskop2\Oscyloskop2\Debug\link.3544-cvtres.read.1.tlog
C:\Users\miechuliv\Documents\Visual Studio 2012\Projects\Oscyloskop2\Oscyloskop2\Debug\link.3544-cvtres.write.1.tlog
C:\Users\miechuliv\Documents\Visual Studio 2012\Projects\Oscyloskop2\Oscyloskop2\Debug\link.3544-rc.read.1.tlog
C:\Users\miechuliv\Documents\Visual Studio 2012\Projects\Oscyloskop2\Oscyloskop2\Debug\link.3544-rc.write.1.tlog
C:\Users\miechuliv\Documents\Visual Studio 2012\Projects\Oscyloskop2\Oscyloskop2\Debug\link.3544.read.1.tlog
C:\Users\miechuliv\Documents\Visual Studio 2012\Projects\Oscyloskop2\Oscyloskop2\Debug\link.3544.write.1.tlog
C:\Users\miechuliv\Documents\Visual Studio 2012\Projects\Oscyloskop2\Oscyloskop2\Debug\link.3568-cvtres.read.1.tlog
C:\Users\miechuliv\Documents\Visual Studio 2012\Projects\Oscyloskop2\Oscyloskop2\Debug\link.3568-cvtres.write.1.tlog
C:\Users\miechuliv\Documents\Visual Studio 2012\Projects\Oscyloskop2\Oscyloskop2\Debug\link.3568-rc.read.1.tlog
C:\Users\miechuliv\Documents\Visual Studio 2012\Projects\Oscyloskop2\Oscyloskop2\Debug\link.3568-rc.write.1.tlog
C:\Users\miechuliv\Documents\Visual Studio 2012\Projects\Oscyloskop2\Oscyloskop2\Debug\link.3568.read.1.tlog
C:\Users\miechuliv\Documents\Visual Studio 2012\Projects\Oscyloskop2\Oscyloskop2\Debug\link.3568.write.1.tlog
C:\Users\miechuliv\Documents\Visual Studio 2012\Projects\Oscyloskop2\Oscyloskop2\Debug\link.3696-cvtres.read.1.tlog
C:\Users\miechuliv\Documents\Visual Studio 2012\Projects\Oscyloskop2\Oscyloskop2\Debug\link.3696-cvtres.write.1.tlog
C:\Users\miechuliv\Documents\Visual Studio 2012\Projects\Oscyloskop2\Oscyloskop2\Debug\link.3696-rc.read.1.tlog
C:\Users\miechuliv\Documents\Visual Studio 2012\Projects\Oscyloskop2\Oscyloskop2\Debug\link.3696-rc.write.1.tlog
C:\Users\miechuliv\Documents\Visual Studio 2012\Projects\Oscyloskop2\Oscyloskop2\Debug\link.3696.read.1.tlog
C:\Users\miechuliv\Documents\Visual Studio 2012\Projects\Oscyloskop2\Oscyloskop2\Debug\link.3696.write.1.tlog
C:\Users\miechuliv\Documents\Visual Studio 2012\Projects\Oscyloskop2\Oscyloskop2\Debug\link.3772-cvtres.read.1.tlog
C:\Users\miechuliv\Documents\Visual Studio 2012\Projects\Oscyloskop2\Oscyloskop2\Debug\link.3772-cvtres.write.1.tlog
C:\Users\miechuliv\Documents\Visual Studio 2012\Projects\Oscyloskop2\Oscyloskop2\Debug\link.3772-rc.read.1.tlog
C:\Users\miechuliv\Documents\Visual Studio 2012\Projects\Oscyloskop2\Oscyloskop2\Debug\link.3772-rc.write.1.tlog
C:\Users\miechuliv\Documents\Visual Studio 2012\Projects\Oscyloskop2\Oscyloskop2\Debug\link.3772.read.1.tlog
C:\Users\miechuliv\Documents\Visual Studio 2012\Projects\Oscyloskop2\Oscyloskop2\Debug\link.3772.write.1.tlog
C:\Users\miechuliv\Documents\Visual Studio 2012\Projects\Oscyloskop2\Oscyloskop2\Debug\link.388-cvtres.read.1.tlog
C:\Users\miechuliv\Documents\Visual Studio 2012\Projects\Oscyloskop2\Oscyloskop2\Debug\link.388-cvtres.write.1.tlog
C:\Users\miechuliv\Documents\Visual Studio 2012\Projects\Oscyloskop2\Oscyloskop2\Debug\link.388-rc.read.1.tlog
C:\Users\miechuliv\Documents\Visual Studio 2012\Projects\Oscyloskop2\Oscyloskop2\Debug\link.388-rc.write.1.tlog
C:\Users\miechuliv\Documents\Visual Studio 2012\Projects\Oscyloskop2\Oscyloskop2\Debug\link.388.read.1.tlog
C:\Users\miechuliv\Documents\Visual Studio 2012\Projects\Oscyloskop2\Oscyloskop2\Debug\link.388.write.1.tlog
C:\Users\miechuliv\Documents\Visual Studio 2012\Projects\Oscyloskop2\Oscyloskop2\Debug\link.4008-cvtres.read.1.tlog
C:\Users\miechuliv\Documents\Visual Studio 2012\Projects\Oscyloskop2\Oscyloskop2\Debug\link.4008-cvtres.write.1.tlog
C:\Users\miechuliv\Documents\Visual Studio 2012\Projects\Oscyloskop2\Oscyloskop2\Debug\link.4008-rc.read.1.tlog
C:\Users\miechuliv\Documents\Visual Studio 2012\Projects\Oscyloskop2\Oscyloskop2\Debug\link.4008-rc.write.1.tlog
C:\Users\miechuliv\Documents\Visual Studio 2012\Projects\Oscyloskop2\Oscyloskop2\Debug\link.4008.read.1.tlog
C:\Users\miechuliv\Documents\Visual Studio 2012\Projects\Oscyloskop2\Oscyloskop2\Debug\link.4008.write.1.tlog
C:\Users\miechuliv\Documents\Visual Studio 2012\Projects\Oscyloskop2\Oscyloskop2\Debug\link.4140-cvtres.read.1.tlog
C:\Users\miechuliv\Documents\Visual Studio 2012\Projects\Oscyloskop2\Oscyloskop2\Debug\link.4140-cvtres.write.1.tlog
C:\Users\miechuliv\Documents\Visual Studio 2012\Projects\Oscyloskop2\Oscyloskop2\Debug\link.4140-rc.read.1.tlog
C:\Users\miechuliv\Documents\Visual Studio 2012\Projects\Oscyloskop2\Oscyloskop2\Debug\link.4140-rc.write.1.tlog
C:\Users\miechuliv\Documents\Visual Studio 2012\Projects\Oscyloskop2\Oscyloskop2\Debug\link.4140.read.1.tlog
C:\Users\miechuliv\Documents\Visual Studio 2012\Projects\Oscyloskop2\Oscyloskop2\Debug\link.4140.write.1.tlog
C:\Users\miechuliv\Documents\Visual Studio 2012\Projects\Oscyloskop2\Oscyloskop2\Debug\link.4248-cvtres.read.1.tlog
C:\Users\miechuliv\Documents\Visual Studio 2012\Projects\Oscyloskop2\Oscyloskop2\Debug\link.4248-cvtres.write.1.tlog
C:\Users\miechuliv\Documents\Visual Studio 2012\Projects\Oscyloskop2\Oscyloskop2\Debug\link.4248-rc.read.1.tlog
C:\Users\miechuliv\Documents\Visual Studio 2012\Projects\Oscyloskop2\Oscyloskop2\Debug\link.4248-rc.write.1.tlog
C:\Users\miechuliv\Documents\Visual Studio 2012\Projects\Oscyloskop2\Oscyloskop2\Debug\link.4248.read.1.tlog
C:\Users\miechuliv\Documents\Visual Studio 2012\Projects\Oscyloskop2\Oscyloskop2\Debug\link.4248.write.1.tlog
C:\Users\miechuliv\Documents\Visual Studio 2012\Projects\Oscyloskop2\Oscyloskop2\Debug\link.4352-cvtres.read.1.tlog
C:\Users\miechuliv\Documents\Visual Studio 2012\Projects\Oscyloskop2\Oscyloskop2\Debug\link.4352-cvtres.write.1.tlog
C:\Users\miechuliv\Documents\Visual Studio 2012\Projects\Oscyloskop2\Oscyloskop2\Debug\link.4352-rc.read.1.tlog
C:\Users\miechuliv\Documents\Visual Studio 2012\Projects\Oscyloskop2\Oscyloskop2\Debug\link.4352-rc.write.1.tlog
C:\Users\miechuliv\Documents\Visual Studio 2012\Projects\Oscyloskop2\Oscyloskop2\Debug\link.4352.read.1.tlog
C:\Users\miechuliv\Documents\Visual Studio 2012\Projects\Oscyloskop2\Oscyloskop2\Debug\link.4352.write.1.tlog
C:\Users\miechuliv\Documents\Visual Studio 2012\Projects\Oscyloskop2\Oscyloskop2\Debug\link.4428-cvtres.read.1.tlog
C:\Users\miechuliv\Documents\Visual Studio 2012\Projects\Oscyloskop2\Oscyloskop2\Debug\link.4428-cvtres.write.1.tlog
C:\Users\miechuliv\Documents\Visual Studio 2012\Projects\Oscyloskop2\Oscyloskop2\Debug\link.4428-rc.read.1.tlog
C:\Users\miechuliv\Documents\Visual Studio 2012\Projects\Oscyloskop2\Oscyloskop2\Debug\link.4428-rc.write.1.tlog
C:\Users\miechuliv\Documents\Visual Studio 2012\Projects\Oscyloskop2\Oscyloskop2\Debug\link.4428.read.1.tlog
C:\Users\miechuliv\Documents\Visual Studio 2012\Projects\Oscyloskop2\Oscyloskop2\Debug\link.4428.write.1.tlog
C:\Users\miechuliv\Documents\Visual Studio 2012\Projects\Oscyloskop2\Oscyloskop2\Debug\link.4452-cvtres.read.1.tlog
C:\Users\miechuliv\Documents\Visual Studio 2012\Projects\Oscyloskop2\Oscyloskop2\Debug\link.4452-cvtres.write.1.tlog
C:\Users\miechuliv\Documents\Visual Studio 2012\Projects\Oscyloskop2\Oscyloskop2\Debug\link.4452-rc.read.1.tlog
C:\Users\miechuliv\Documents\Visual Studio 2012\Projects\Oscyloskop2\Oscyloskop2\Debug\link.4452-rc.write.1.tlog
C:\Users\miechuliv\Documents\Visual Studio 2012\Projects\Oscyloskop2\Oscyloskop2\Debug\link.4452.read.1.tlog
C:\Users\miechuliv\Documents\Visual Studio 2012\Projects\Oscyloskop2\Oscyloskop2\Debug\link.4452.write.1.tlog
C:\Users\miechuliv\Documents\Visual Studio 2012\Projects\Oscyloskop2\Oscyloskop2\Debug\link.4456-cvtres.read.1.tlog
C:\Users\miechuliv\Documents\Visual Studio 2012\Projects\Oscyloskop2\Oscyloskop2\Debug\link.4456-cvtres.write.1.tlog
C:\Users\miechuliv\Documents\Visual Studio 2012\Projects\Oscyloskop2\Oscyloskop2\Debug\link.4456-rc.read.1.tlog
C:\Users\miechuliv\Documents\Visual Studio 2012\Projects\Oscyloskop2\Oscyloskop2\Debug\link.4456-rc.write.1.tlog
C:\Users\miechuliv\Documents\Visual Studio 2012\Projects\Oscyloskop2\Oscyloskop2\Debug\link.4456.read.1.tlog
C:\Users\miechuliv\Documents\Visual Studio 2012\Projects\Oscyloskop2\Oscyloskop2\Debug\link.4456.write.1.tlog
C:\Users\miechuliv\Documents\Visual Studio 2012\Projects\Oscyloskop2\Oscyloskop2\Debug\link.4464.read.1.tlog
C:\Users\miechuliv\Documents\Visual Studio 2012\Projects\Oscyloskop2\Oscyloskop2\Debug\link.4464.write.1.tlog
C:\Users\miechuliv\Documents\Visual Studio 2012\Projects\Oscyloskop2\Oscyloskop2\Debug\link.4484-cvtres.read.1.tlog
C:\Users\miechuliv\Documents\Visual Studio 2012\Projects\Oscyloskop2\Oscyloskop2\Debug\link.4484-cvtres.write.1.tlog
C:\Users\miechuliv\Documents\Visual Studio 2012\Projects\Oscyloskop2\Oscyloskop2\Debug\link.4484-rc.read.1.tlog
C:\Users\miechuliv\Documents\Visual Studio 2012\Projects\Oscyloskop2\Oscyloskop2\Debug\link.4484-rc.write.1.tlog
C:\Users\miechuliv\Documents\Visual Studio 2012\Projects\Oscyloskop2\Oscyloskop2\Debug\link.4484.read.1.tlog
C:\Users\miechuliv\Documents\Visual Studio 2012\Projects\Oscyloskop2\Oscyloskop2\Debug\link.4484.write.1.tlog
C:\Users\miechuliv\Documents\Visual Studio 2012\Projects\Oscyloskop2\Oscyloskop2\Debug\link.4532-cvtres.read.1.tlog
C:\Users\miechuliv\Documents\Visual Studio 2012\Projects\Oscyloskop2\Oscyloskop2\Debug\link.4532-cvtres.write.1.tlog
C:\Users\miechuliv\Documents\Visual Studio 2012\Projects\Oscyloskop2\Oscyloskop2\Debug\link.4532-rc.read.1.tlog
C:\Users\miechuliv\Documents\Visual Studio 2012\Projects\Oscyloskop2\Oscyloskop2\Debug\link.4532-rc.write.1.tlog
C:\Users\miechuliv\Documents\Visual Studio 2012\Projects\Oscyloskop2\Oscyloskop2\Debug\link.4532.read.1.tlog
C:\Users\miechuliv\Documents\Visual Studio 2012\Projects\Oscyloskop2\Oscyloskop2\Debug\link.4532.write.1.tlog
C:\Users\miechuliv\Documents\Visual Studio 2012\Projects\Oscyloskop2\Oscyloskop2\Debug\link.4556-cvtres.read.1.tlog
C:\Users\miechuliv\Documents\Visual Studio 2012\Projects\Oscyloskop2\Oscyloskop2\Debug\link.4556-cvtres.write.1.tlog
C:\Users\miechuliv\Documents\Visual Studio 2012\Projects\Oscyloskop2\Oscyloskop2\Debug\link.4556-rc.read.1.tlog
C:\Users\miechuliv\Documents\Visual Studio 2012\Projects\Oscyloskop2\Oscyloskop2\Debug\link.4556-rc.write.1.tlog
C:\Users\miechuliv\Documents\Visual Studio 2012\Projects\Oscyloskop2\Oscyloskop2\Debug\link.4556.read.1.tlog
C:\Users\miechuliv\Documents\Visual Studio 2012\Projects\Oscyloskop2\Oscyloskop2\Debug\link.4556.write.1.tlog
C:\Users\miechuliv\Documents\Visual Studio 2012\Projects\Oscyloskop2\Oscyloskop2\Debug\link.4572-cvtres.read.1.tlog
C:\Users\miechuliv\Documents\Visual Studio 2012\Projects\Oscyloskop2\Oscyloskop2\Debug\link.4572-cvtres.write.1.tlog
C:\Users\miechuliv\Documents\Visual Studio 2012\Projects\Oscyloskop2\Oscyloskop2\Debug\link.4572-rc.read.1.tlog
C:\Users\miechuliv\Documents\Visual Studio 2012\Projects\Oscyloskop2\Oscyloskop2\Debug\link.4572-rc.write.1.tlog
C:\Users\miechuliv\Documents\Visual Studio 2012\Projects\Oscyloskop2\Oscyloskop2\Debug\link.4572.read.1.tlog
C:\Users\miechuliv\Documents\Visual Studio 2012\Projects\Oscyloskop2\Oscyloskop2\Debug\link.4572.write.1.tlog
C:\Users\miechuliv\Documents\Visual Studio 2012\Projects\Oscyloskop2\Oscyloskop2\Debug\link.4620-cvtres.read.1.tlog
C:\Users\miechuliv\Documents\Visual Studio 2012\Projects\Oscyloskop2\Oscyloskop2\Debug\link.4620-cvtres.write.1.tlog
C:\Users\miechuliv\Documents\Visual Studio 2012\Projects\Oscyloskop2\Oscyloskop2\Debug\link.4620-rc.read.1.tlog
C:\Users\miechuliv\Documents\Visual Studio 2012\Projects\Oscyloskop2\Oscyloskop2\Debug\link.4620-rc.write.1.tlog
C:\Users\miechuliv\Documents\Visual Studio 2012\Projects\Oscyloskop2\Oscyloskop2\Debug\link.4620.read.1.tlog
C:\Users\miechuliv\Documents\Visual Studio 2012\Projects\Oscyloskop2\Oscyloskop2\Debug\link.4620.write.1.tlog
C:\Users\miechuliv\Documents\Visual Studio 2012\Projects\Oscyloskop2\Oscyloskop2\Debug\link.4812-cvtres.read.1.tlog
C:\Users\miechuliv\Documents\Visual Studio 2012\Projects\Oscyloskop2\Oscyloskop2\Debug\link.4812-cvtres.write.1.tlog
C:\Users\miechuliv\Documents\Visual Studio 2012\Projects\Oscyloskop2\Oscyloskop2\Debug\link.4812-rc.read.1.tlog
C:\Users\miechuliv\Documents\Visual Studio 2012\Projects\Oscyloskop2\Oscyloskop2\Debug\link.4812-rc.write.1.tlog
C:\Users\miechuliv\Documents\Visual Studio 2012\Projects\Oscyloskop2\Oscyloskop2\Debug\link.4812.read.1.tlog
C:\Users\miechuliv\Documents\Visual Studio 2012\Projects\Oscyloskop2\Oscyloskop2\Debug\link.4812.write.1.tlog
C:\Users\miechuliv\Documents\Visual Studio 2012\Projects\Oscyloskop2\Oscyloskop2\Debug\link.4836-cvtres.read.1.tlog
C:\Users\miechuliv\Documents\Visual Studio 2012\Projects\Oscyloskop2\Oscyloskop2\Debug\link.4836-cvtres.write.1.tlog
C:\Users\miechuliv\Documents\Visual Studio 2012\Projects\Oscyloskop2\Oscyloskop2\Debug\link.4836-rc.read.1.tlog
C:\Users\miechuliv\Documents\Visual Studio 2012\Projects\Oscyloskop2\Oscyloskop2\Debug\link.4836-rc.write.1.tlog
C:\Users\miechuliv\Documents\Visual Studio 2012\Projects\Oscyloskop2\Oscyloskop2\Debug\link.4836.read.1.tlog
C:\Users\miechuliv\Documents\Visual Studio 2012\Projects\Oscyloskop2\Oscyloskop2\Debug\link.4836.write.1.tlog
C:\Users\miechuliv\Documents\Visual Studio 2012\Projects\Oscyloskop2\Oscyloskop2\Debug\link.4856-cvtres.read.1.tlog
C:\Users\miechuliv\Documents\Visual Studio 2012\Projects\Oscyloskop2\Oscyloskop2\Debug\link.4856-cvtres.write.1.tlog
C:\Users\miechuliv\Documents\Visual Studio 2012\Projects\Oscyloskop2\Oscyloskop2\Debug\link.4856-rc.read.1.tlog
C:\Users\miechuliv\Documents\Visual Studio 2012\Projects\Oscyloskop2\Oscyloskop2\Debug\link.4856-rc.write.1.tlog
C:\Users\miechuliv\Documents\Visual Studio 2012\Projects\Oscyloskop2\Oscyloskop2\Debug\link.4856.read.1.tlog
C:\Users\miechuliv\Documents\Visual Studio 2012\Projects\Oscyloskop2\Oscyloskop2\Debug\link.4856.write.1.tlog
C:\Users\miechuliv\Documents\Visual Studio 2012\Projects\Oscyloskop2\Oscyloskop2\Debug\link.4892-cvtres.read.1.tlog
C:\Users\miechuliv\Documents\Visual Studio 2012\Projects\Oscyloskop2\Oscyloskop2\Debug\link.4892-cvtres.write.1.tlog
C:\Users\miechuliv\Documents\Visual Studio 2012\Projects\Oscyloskop2\Oscyloskop2\Debug\link.4892-rc.read.1.tlog
C:\Users\miechuliv\Documents\Visual Studio 2012\Projects\Oscyloskop2\Oscyloskop2\Debug\link.4892-rc.write.1.tlog
C:\Users\miechuliv\Documents\Visual Studio 2012\Projects\Oscyloskop2\Oscyloskop2\Debug\link.4892.read.1.tlog
C:\Users\miechuliv\Documents\Visual Studio 2012\Projects\Oscyloskop2\Oscyloskop2\Debug\link.4892.write.1.tlog
C:\Users\miechuliv\Documents\Visual Studio 2012\Projects\Oscyloskop2\Oscyloskop2\Debug\link.4944-cvtres.read.1.tlog
C:\Users\miechuliv\Documents\Visual Studio 2012\Projects\Oscyloskop2\Oscyloskop2\Debug\link.4944-cvtres.write.1.tlog
C:\Users\miechuliv\Documents\Visual Studio 2012\Projects\Oscyloskop2\Oscyloskop2\Debug\link.4944-rc.read.1.tlog
C:\Users\miechuliv\Documents\Visual Studio 2012\Projects\Oscyloskop2\Oscyloskop2\Debug\link.4944-rc.write.1.tlog
C:\Users\miechuliv\Documents\Visual Studio 2012\Projects\Oscyloskop2\Oscyloskop2\Debug\link.4944.read.1.tlog
C:\Users\miechuliv\Documents\Visual Studio 2012\Projects\Oscyloskop2\Oscyloskop2\Debug\link.4944.write.1.tlog
C:\Users\miechuliv\Documents\Visual Studio 2012\Projects\Oscyloskop2\Oscyloskop2\Debug\link.5004-cvtres.read.1.tlog
C:\Users\miechuliv\Documents\Visual Studio 2012\Projects\Oscyloskop2\Oscyloskop2\Debug\link.5004-cvtres.write.1.tlog
C:\Users\miechuliv\Documents\Visual Studio 2012\Projects\Oscyloskop2\Oscyloskop2\Debug\link.5004-rc.read.1.tlog
C:\Users\miechuliv\Documents\Visual Studio 2012\Projects\Oscyloskop2\Oscyloskop2\Debug\link.5004-rc.write.1.tlog
C:\Users\miechuliv\Documents\Visual Studio 2012\Projects\Oscyloskop2\Oscyloskop2\Debug\link.5004.read.1.tlog
C:\Users\miechuliv\Documents\Visual Studio 2012\Projects\Oscyloskop2\Oscyloskop2\Debug\link.5004.write.1.tlog
C:\Users\miechuliv\Documents\Visual Studio 2012\Projects\Oscyloskop2\Oscyloskop2\Debug\link.5056-cvtres.read.1.tlog
C:\Users\miechuliv\Documents\Visual Studio 2012\Projects\Oscyloskop2\Oscyloskop2\Debug\link.5056-cvtres.write.1.tlog
C:\Users\miechuliv\Documents\Visual Studio 2012\Projects\Oscyloskop2\Oscyloskop2\Debug\link.5056-rc.read.1.tlog
C:\Users\miechuliv\Documents\Visual Studio 2012\Projects\Oscyloskop2\Oscyloskop2\Debug\link.5056-rc.write.1.tlog
C:\Users\miechuliv\Documents\Visual Studio 2012\Projects\Oscyloskop2\Oscyloskop2\Debug\link.5056.read.1.tlog
C:\Users\miechuliv\Documents\Visual Studio 2012\Projects\Oscyloskop2\Oscyloskop2\Debug\link.5056.write.1.tlog
C:\Users\miechuliv\Documents\Visual Studio 2012\Projects\Oscyloskop2\Oscyloskop2\Debug\link.5136-cvtres.read.1.tlog
C:\Users\miechuliv\Documents\Visual Studio 2012\Projects\Oscyloskop2\Oscyloskop2\Debug\link.5136-cvtres.write.1.tlog
C:\Users\miechuliv\Documents\Visual Studio 2012\Projects\Oscyloskop2\Oscyloskop2\Debug\link.5136-rc.read.1.tlog
C:\Users\miechuliv\Documents\Visual Studio 2012\Projects\Oscyloskop2\Oscyloskop2\Debug\link.5136-rc.write.1.tlog
C:\Users\miechuliv\Documents\Visual Studio 2012\Projects\Oscyloskop2\Oscyloskop2\Debug\link.5136.read.1.tlog
C:\Users\miechuliv\Documents\Visual Studio 2012\Projects\Oscyloskop2\Oscyloskop2\Debug\link.5136.write.1.tlog
C:\Users\miechuliv\Documents\Visual Studio 2012\Projects\Oscyloskop2\Oscyloskop2\Debug\link.5872-cvtres.read.1.tlog
C:\Users\miechuliv\Documents\Visual Studio 2012\Projects\Oscyloskop2\Oscyloskop2\Debug\link.5872-cvtres.write.1.tlog
C:\Users\miechuliv\Documents\Visual Studio 2012\Projects\Oscyloskop2\Oscyloskop2\Debug\link.5872-rc.read.1.tlog
C:\Users\miechuliv\Documents\Visual Studio 2012\Projects\Oscyloskop2\Oscyloskop2\Debug\link.5872-rc.write.1.tlog
C:\Users\miechuliv\Documents\Visual Studio 2012\Projects\Oscyloskop2\Oscyloskop2\Debug\link.5872.read.1.tlog
C:\Users\miechuliv\Documents\Visual Studio 2012\Projects\Oscyloskop2\Oscyloskop2\Debug\link.5872.write.1.tlog
C:\Users\miechuliv\Documents\Visual Studio 2012\Projects\Oscyloskop2\Oscyloskop2\Debug\link.5892-cvtres.read.1.tlog
C:\Users\miechuliv\Documents\Visual Studio 2012\Projects\Oscyloskop2\Oscyloskop2\Debug\link.5892-cvtres.write.1.tlog
C:\Users\miechuliv\Documents\Visual Studio 2012\Projects\Oscyloskop2\Oscyloskop2\Debug\link.5892-rc.read.1.tlog
C:\Users\miechuliv\Documents\Visual Studio 2012\Projects\Oscyloskop2\Oscyloskop2\Debug\link.5892-rc.write.1.tlog
C:\Users\miechuliv\Documents\Visual Studio 2012\Projects\Oscyloskop2\Oscyloskop2\Debug\link.5892.read.1.tlog
C:\Users\miechuliv\Documents\Visual Studio 2012\Projects\Oscyloskop2\Oscyloskop2\Debug\link.5892.write.1.tlog
C:\Users\miechuliv\Documents\Visual Studio 2012\Projects\Oscyloskop2\Oscyloskop2\Debug\link.6276-cvtres.read.1.tlog
C:\Users\miechuliv\Documents\Visual Studio 2012\Projects\Oscyloskop2\Oscyloskop2\Debug\link.6276-cvtres.write.1.tlog
C:\Users\miechuliv\Documents\Visual Studio 2012\Projects\Oscyloskop2\Oscyloskop2\Debug\link.6276-rc.read.1.tlog
C:\Users\miechuliv\Documents\Visual Studio 2012\Projects\Oscyloskop2\Oscyloskop2\Debug\link.6276-rc.write.1.tlog
C:\Users\miechuliv\Documents\Visual Studio 2012\Projects\Oscyloskop2\Oscyloskop2\Debug\link.6276.read.1.tlog
C:\Users\miechuliv\Documents\Visual Studio 2012\Projects\Oscyloskop2\Oscyloskop2\Debug\link.6276.write.1.tlog
C:\Users\miechuliv\Documents\Visual Studio 2012\Projects\Oscyloskop2\Oscyloskop2\Debug\link.6328-cvtres.read.1.tlog
C:\Users\miechuliv\Documents\Visual Studio 2012\Projects\Oscyloskop2\Oscyloskop2\Debug\link.6328-cvtres.write.1.tlog
C:\Users\miechuliv\Documents\Visual Studio 2012\Projects\Oscyloskop2\Oscyloskop2\Debug\link.6328-rc.read.1.tlog
C:\Users\miechuliv\Documents\Visual Studio 2012\Projects\Oscyloskop2\Oscyloskop2\Debug\link.6328-rc.write.1.tlog
C:\Users\miechuliv\Documents\Visual Studio 2012\Projects\Oscyloskop2\Oscyloskop2\Debug\link.6328.read.1.tlog
C:\Users\miechuliv\Documents\Visual Studio 2012\Projects\Oscyloskop2\Oscyloskop2\Debug\link.6328.write.1.tlog
C:\Users\miechuliv\Documents\Visual Studio 2012\Projects\Oscyloskop2\Oscyloskop2\Debug\link.6336-cvtres.read.1.tlog
C:\Users\miechuliv\Documents\Visual Studio 2012\Projects\Oscyloskop2\Oscyloskop2\Debug\link.6336-cvtres.write.1.tlog
C:\Users\miechuliv\Documents\Visual Studio 2012\Projects\Oscyloskop2\Oscyloskop2\Debug\link.6336-rc.read.1.tlog
C:\Users\miechuliv\Documents\Visual Studio 2012\Projects\Oscyloskop2\Oscyloskop2\Debug\link.6336-rc.write.1.tlog
C:\Users\miechuliv\Documents\Visual Studio 2012\Projects\Oscyloskop2\Oscyloskop2\Debug\link.6336.read.1.tlog
C:\Users\miechuliv\Documents\Visual Studio 2012\Projects\Oscyloskop2\Oscyloskop2\Debug\link.6336.write.1.tlog
C:\Users\miechuliv\Documents\Visual Studio 2012\Projects\Oscyloskop2\Oscyloskop2\Debug\link.6512-cvtres.read.1.tlog
C:\Users\miechuliv\Documents\Visual Studio 2012\Projects\Oscyloskop2\Oscyloskop2\Debug\link.6512-cvtres.write.1.tlog
C:\Users\miechuliv\Documents\Visual Studio 2012\Projects\Oscyloskop2\Oscyloskop2\Debug\link.6512-rc.read.1.tlog
C:\Users\miechuliv\Documents\Visual Studio 2012\Projects\Oscyloskop2\Oscyloskop2\Debug\link.6512-rc.write.1.tlog
C:\Users\miechuliv\Documents\Visual Studio 2012\Projects\Oscyloskop2\Oscyloskop2\Debug\link.6512.read.1.tlog
C:\Users\miechuliv\Documents\Visual Studio 2012\Projects\Oscyloskop2\Oscyloskop2\Debug\link.6512.write.1.tlog
C:\Users\miechuliv\Documents\Visual Studio 2012\Projects\Oscyloskop2\Oscyloskop2\Debug\link.6800-cvtres.read.1.tlog
C:\Users\miechuliv\Documents\Visual Studio 2012\Projects\Oscyloskop2\Oscyloskop2\Debug\link.6800-cvtres.write.1.tlog
C:\Users\miechuliv\Documents\Visual Studio 2012\Projects\Oscyloskop2\Oscyloskop2\Debug\link.6800-rc.read.1.tlog
C:\Users\miechuliv\Documents\Visual Studio 2012\Projects\Oscyloskop2\Oscyloskop2\Debug\link.6800-rc.write.1.tlog
C:\Users\miechuliv\Documents\Visual Studio 2012\Projects\Oscyloskop2\Oscyloskop2\Debug\link.6800.read.1.tlog
C:\Users\miechuliv\Documents\Visual Studio 2012\Projects\Oscyloskop2\Oscyloskop2\Debug\link.6800.write.1.tlog
C:\Users\miechuliv\Documents\Visual Studio 2012\Projects\Oscyloskop2\Oscyloskop2\Debug\link.6900-cvtres.read.1.tlog
C:\Users\miechuliv\Documents\Visual Studio 2012\Projects\Oscyloskop2\Oscyloskop2\Debug\link.6900-cvtres.write.1.tlog
C:\Users\miechuliv\Documents\Visual Studio 2012\Projects\Oscyloskop2\Oscyloskop2\Debug\link.6900-rc.read.1.tlog
C:\Users\miechuliv\Documents\Visual Studio 2012\Projects\Oscyloskop2\Oscyloskop2\Debug\link.6900-rc.write.1.tlog
C:\Users\miechuliv\Documents\Visual Studio 2012\Projects\Oscyloskop2\Oscyloskop2\Debug\link.6900.read.1.tlog
C:\Users\miechuliv\Documents\Visual Studio 2012\Projects\Oscyloskop2\Oscyloskop2\Debug\link.6900.write.1.tlog
C:\Users\miechuliv\Documents\Visual Studio 2012\Projects\Oscyloskop2\Oscyloskop2\Debug\link.7208-cvtres.read.1.tlog
C:\Users\miechuliv\Documents\Visual Studio 2012\Projects\Oscyloskop2\Oscyloskop2\Debug\link.7208-cvtres.write.1.tlog
C:\Users\miechuliv\Documents\Visual Studio 2012\Projects\Oscyloskop2\Oscyloskop2\Debug\link.7208-rc.read.1.tlog
C:\Users\miechuliv\Documents\Visual Studio 2012\Projects\Oscyloskop2\Oscyloskop2\Debug\link.7208-rc.write.1.tlog
C:\Users\miechuliv\Documents\Visual Studio 2012\Projects\Oscyloskop2\Oscyloskop2\Debug\link.7208.read.1.tlog
C:\Users\miechuliv\Documents\Visual Studio 2012\Projects\Oscyloskop2\Oscyloskop2\Debug\link.7208.write.1.tlog
C:\Users\miechuliv\Documents\Visual Studio 2012\Projects\Oscyloskop2\Oscyloskop2\Debug\link.7376-cvtres.read.1.tlog
C:\Users\miechuliv\Documents\Visual Studio 2012\Projects\Oscyloskop2\Oscyloskop2\Debug\link.7376-cvtres.write.1.tlog
C:\Users\miechuliv\Documents\Visual Studio 2012\Projects\Oscyloskop2\Oscyloskop2\Debug\link.7376-rc.read.1.tlog
C:\Users\miechuliv\Documents\Visual Studio 2012\Projects\Oscyloskop2\Oscyloskop2\Debug\link.7376-rc.write.1.tlog
C:\Users\miechuliv\Documents\Visual Studio 2012\Projects\Oscyloskop2\Oscyloskop2\Debug\link.7376.read.1.tlog
C:\Users\miechuliv\Documents\Visual Studio 2012\Projects\Oscyloskop2\Oscyloskop2\Debug\link.7376.write.1.tlog
C:\Users\miechuliv\Documents\Visual Studio 2012\Projects\Oscyloskop2\Oscyloskop2\Debug\link.8056-cvtres.read.1.tlog
C:\Users\miechuliv\Documents\Visual Studio 2012\Projects\Oscyloskop2\Oscyloskop2\Debug\link.8056-cvtres.write.1.tlog
C:\Users\miechuliv\Documents\Visual Studio 2012\Projects\Oscyloskop2\Oscyloskop2\Debug\link.8056-rc.read.1.tlog
C:\Users\miechuliv\Documents\Visual Studio 2012\Projects\Oscyloskop2\Oscyloskop2\Debug\link.8056-rc.write.1.tlog
C:\Users\miechuliv\Documents\Visual Studio 2012\Projects\Oscyloskop2\Oscyloskop2\Debug\link.8056.read.1.tlog
C:\Users\miechuliv\Documents\Visual Studio 2012\Projects\Oscyloskop2\Oscyloskop2\Debug\link.8056.write.1.tlog
C:\Users\miechuliv\Documents\Visual Studio 2012\Projects\Oscyloskop2\Oscyloskop2\Debug\link.8164-cvtres.read.1.tlog
C:\Users\miechuliv\Documents\Visual Studio 2012\Projects\Oscyloskop2\Oscyloskop2\Debug\link.8164-cvtres.write.1.tlog
C:\Users\miechuliv\Documents\Visual Studio 2012\Projects\Oscyloskop2\Oscyloskop2\Debug\link.8164-rc.read.1.tlog
C:\Users\miechuliv\Documents\Visual Studio 2012\Projects\Oscyloskop2\Oscyloskop2\Debug\link.8164-rc.write.1.tlog
C:\Users\miechuliv\Documents\Visual Studio 2012\Projects\Oscyloskop2\Oscyloskop2\Debug\link.8164.read.1.tlog
C:\Users\miechuliv\Documents\Visual Studio 2012\Projects\Oscyloskop2\Oscyloskop2\Debug\link.8164.write.1.tlog
C:\Users\miechuliv\Documents\Visual Studio 2012\Projects\Oscyloskop2\Oscyloskop2\Debug\link.8408-cvtres.read.1.tlog
C:\Users\miechuliv\Documents\Visual Studio 2012\Projects\Oscyloskop2\Oscyloskop2\Debug\link.8408-cvtres.write.1.tlog
C:\Users\miechuliv\Documents\Visual Studio 2012\Projects\Oscyloskop2\Oscyloskop2\Debug\link.8408-rc.read.1.tlog
C:\Users\miechuliv\Documents\Visual Studio 2012\Projects\Oscyloskop2\Oscyloskop2\Debug\link.8408-rc.write.1.tlog
C:\Users\miechuliv\Documents\Visual Studio 2012\Projects\Oscyloskop2\Oscyloskop2\Debug\link.8408.read.1.tlog
C:\Users\miechuliv\Documents\Visual Studio 2012\Projects\Oscyloskop2\Oscyloskop2\Debug\link.8408.write.1.tlog
C:\Users\miechuliv\Documents\Visual Studio 2012\Projects\Oscyloskop2\Oscyloskop2\Debug\link.8920-cvtres.read.1.tlog
C:\Users\miechuliv\Documents\Visual Studio 2012\Projects\Oscyloskop2\Oscyloskop2\Debug\link.8920-cvtres.write.1.tlog
C:\Users\miechuliv\Documents\Visual Studio 2012\Projects\Oscyloskop2\Oscyloskop2\Debug\link.8920-rc.read.1.tlog
C:\Users\miechuliv\Documents\Visual Studio 2012\Projects\Oscyloskop2\Oscyloskop2\Debug\link.8920-rc.write.1.tlog
C:\Users\miechuliv\Documents\Visual Studio 2012\Projects\Oscyloskop2\Oscyloskop2\Debug\link.8920.read.1.tlog
C:\Users\miechuliv\Documents\Visual Studio 2012\Projects\Oscyloskop2\Oscyloskop2\Debug\link.8920.write.1.tlog
C:\Users\miechuliv\Documents\Visual Studio 2012\Projects\Oscyloskop2\Oscyloskop2\Debug\link.9152-cvtres.read.1.tlog
C:\Users\miechuliv\Documents\Visual Studio 2012\Projects\Oscyloskop2\Oscyloskop2\Debug\link.9152-cvtres.write.1.tlog
C:\Users\miechuliv\Documents\Visual Studio 2012\Projects\Oscyloskop2\Oscyloskop2\Debug\link.9152-rc.read.1.tlog
C:\Users\miechuliv\Documents\Visual Studio 2012\Projects\Oscyloskop2\Oscyloskop2\Debug\link.9152-rc.write.1.tlog
C:\Users\miechuliv\Documents\Visual Studio 2012\Projects\Oscyloskop2\Oscyloskop2\Debug\link.9152.read.1.tlog
C:\Users\miechuliv\Documents\Visual Studio 2012\Projects\Oscyloskop2\Oscyloskop2\Debug\link.9152.write.1.tlog
C:\Users\miechuliv\Documents\Visual Studio 2012\Projects\Oscyloskop2\Oscyloskop2\Debug\link.command.1.tlog
C:\Users\miechuliv\Documents\Visual Studio 2012\Projects\Oscyloskop2\Oscyloskop2\Debug\link.read.1.tlog
C:\Users\miechuliv\Documents\Visual Studio 2012\Projects\Oscyloskop2\Oscyloskop2\Debug\link.write.1.tlog
C:\Users\miechuliv\Documents\Visual Studio 2012\Projects\Oscyloskop2\Oscyloskop2\Debug\metagen.read.1.tlog
C:\Users\miechuliv\Documents\Visual Studio 2012\Projects\Oscyloskop2\Oscyloskop2\Debug\metagen.write.1.tlog
C:\Users\miechuliv\Documents\Visual Studio 2012\Projects\Oscyloskop2\Oscyloskop2\Debug\Oscyloskop2.write.1.tlog
C:\Users\miechuliv\Documents\Visual Studio 2012\Projects\Oscyloskop2\Oscyloskop2\Debug\vc110.pdb
C:\Users\miechuliv\Documents\Visual Studio 2012\Projects\Oscyloskop2\Oscyloskop2\Debug\RSAENH.DLL.bi
C:\Users\miechuliv\Documents\Visual Studio 2012\Projects\Oscyloskop2\Oscyloskop2\Debug\TZRES.DLL.bi
C:\Users\miechuliv\Documents\Visual Studio 2012\Projects\Oscyloskop2\Debug\Oscyloskop2.pdb
C:\Users\miechuliv\Documents\Visual Studio 2012\Projects\Oscyloskop2\Debug\Oscyloskop2.exe
C:\Users\miechuliv\Documents\Visual Studio 2012\Projects\Oscyloskop2\Debug\Oscyloskop2.ilk
